0 info it worked if it ends with ok
1 verbose cli [ '/usr/bin/node', '/usr/bin/npm', 'install', 'onoff' ]
2 info using npm@6.1.0
3 info using node@v10.6.0
4 verbose npm-session 9ca89f8f4d484035
5 silly install loadCurrentTree
6 silly install readLocalPackageData
7 http fetch GET 304 https://registry.npmjs.org/onoff 367ms (from cache)
8 silly pacote tag manifest for onoff@latest fetched in 419ms
9 timing stage:loadCurrentTree Completed in 1416ms
10 silly install loadIdealTree
11 silly install cloneCurrentTreeToIdealTree
12 timing stage:loadIdealTree:cloneCurrentTree Completed in 3ms
13 silly install loadShrinkwrap
14 timing stage:loadIdealTree:loadShrinkwrap Completed in 27ms
15 silly install loadAllDepsIntoIdealTree
16 silly resolveWithNewModule onoff@3.1.0 checking installable status
17 http fetch GET 304 https://registry.npmjs.org/lodash.debounce 102ms (from cache)
18 silly pacote range manifest for lodash.debounce@^4.0.8 fetched in 110ms
19 silly resolveWithNewModule lodash.debounce@4.0.8 checking installable status
20 http fetch GET 200 https://registry.npmjs.org/epoll 189ms
21 silly pacote range manifest for epoll@^2.0.1 fetched in 207ms
22 silly resolveWithNewModule epoll@2.0.2 checking installable status
23 http fetch GET 304 https://registry.npmjs.org/nan 122ms (from cache)
24 silly pacote range manifest for nan@^2.10.0 fetched in 133ms
25 silly resolveWithNewModule nan@2.10.0 checking installable status
26 http fetch GET 304 https://registry.npmjs.org/bindings 144ms (from cache)
27 silly pacote range manifest for bindings@^1.3.0 fetched in 149ms
28 silly resolveWithNewModule bindings@1.3.0 checking installable status
29 timing stage:loadIdealTree:loadAllDepsIntoIdealTree Completed in 413ms
30 timing stage:loadIdealTree Completed in 461ms
31 silly currentTree board@1.0.0
31 silly currentTree ├── bindings@1.3.0
31 silly currentTree ├── epoll@2.0.2
31 silly currentTree ├── lodash.debounce@4.0.8
31 silly currentTree ├── lodash@4.17.10
31 silly currentTree ├── nan@2.10.0
31 silly currentTree └── onoff@3.1.0
32 silly idealTree board@1.0.0
32 silly idealTree ├── bindings@1.3.0
32 silly idealTree ├── epoll@2.0.2
32 silly idealTree ├── lodash.debounce@4.0.8
32 silly idealTree ├── lodash@4.17.10
32 silly idealTree ├── nan@2.10.0
32 silly idealTree └── onoff@3.1.0
33 silly install generateActionsToTake
34 warn checkPermissions Missing write access to /home/pi/module/node_modules/onoff
35 warn checkPermissions Missing write access to /home/pi/module/node_modules
36 timing stage:rollbackFailedOptional Completed in 2ms
37 timing stage:runTopLevelLifecycles Completed in 1916ms
38 silly saveTree board@1.0.0
38 silly saveTree ├── lodash@4.17.10
38 silly saveTree └─┬ onoff@3.1.0
38 silly saveTree   ├─┬ epoll@2.0.2
38 silly saveTree   │ ├── bindings@1.3.0
38 silly saveTree   │ └── nan@2.10.0
38 silly saveTree   └── lodash.debounce@4.0.8
39 warn board@1.0.0 No description
40 warn board@1.0.0 No repository field.
41 verbose stack Error: EACCES: permission denied, access '/home/pi/module/node_modules/onoff'
42 verbose cwd /home/pi/module
43 verbose Linux 4.14.50-v7+
44 verbose argv "/usr/bin/node" "/usr/bin/npm" "install" "onoff"
45 verbose node v10.6.0
46 verbose npm  v6.1.0
47 error path /home/pi/module/node_modules/onoff
48 error code EACCES
49 error errno -13
50 error syscall access
51 error Error: EACCES: permission denied, access '/home/pi/module/node_modules/onoff'
51 error  { [Error: EACCES: permission denied, access '/home/pi/module/node_modules/onoff']
51 error   stack:
51 error    'Error: EACCES: permission denied, access \'/home/pi/module/node_modules/onoff\'',
51 error   errno: -13,
51 error   code: 'EACCES',
51 error   syscall: 'access',
51 error   path: '/home/pi/module/node_modules/onoff' }
52 error The operation was rejected by your operating system.
52 error It is likely you do not have the permissions to access this file as the current user
52 error
52 error If you believe this might be a permissions issue, please double-check the
52 error permissions of the file and its containing directories, or try running
52 error the command again as root/Administrator (though this is not recommended).
53 verbose exit [ -13, true ]
