0 info it worked if it ends with ok
1 verbose cli [ '/usr/bin/node', '/usr/bin/npm', 'i', '--save', 'lodash' ]
2 info using npm@6.1.0
3 info using node@v10.6.0
4 verbose npm-session 184a73b62aa41dd1
5 silly install loadCurrentTree
6 silly install readLocalPackageData
7 http fetch GET 304 https://registry.npmjs.org/lodash 404ms (from cache)
8 silly pacote tag manifest for lodash@latest fetched in 463ms
9 timing stage:loadCurrentTree Completed in 1422ms
10 silly install loadIdealTree
11 silly install cloneCurrentTreeToIdealTree
12 timing stage:loadIdealTree:cloneCurrentTree Completed in 2ms
13 silly install loadShrinkwrap
14 timing stage:loadIdealTree:loadShrinkwrap Completed in 13ms
15 silly install loadAllDepsIntoIdealTree
16 silly resolveWithNewModule lodash@4.17.10 checking installable status
17 timing stage:loadIdealTree:loadAllDepsIntoIdealTree Completed in 70ms
18 timing stage:loadIdealTree Completed in 103ms
19 silly currentTree board@1.0.0
19 silly currentTree ├── bindings@1.3.0
19 silly currentTree ├── epoll@2.0.2
19 silly currentTree ├── lodash.debounce@4.0.8
19 silly currentTree ├── nan@2.10.0
19 silly currentTree └── onoff@3.1.0
20 silly idealTree board@1.0.0
20 silly idealTree └── lodash@4.17.10
21 silly install generateActionsToTake
22 warn checkPermissions Missing write access to /home/pi/module/node_modules/bindings
23 warn checkPermissions Missing write access to /home/pi/module/node_modules/lodash.debounce
24 warn checkPermissions Missing write access to /home/pi/module/node_modules/nan
25 warn checkPermissions Missing write access to /home/pi/module/node_modules/epoll
26 warn checkPermissions Missing write access to /home/pi/module/node_modules/onoff
27 warn checkPermissions Missing write access to /home/pi/module/node_modules
28 timing stage:rollbackFailedOptional Completed in 4ms
29 timing stage:runTopLevelLifecycles Completed in 1567ms
30 silly saveTree board@1.0.0
30 silly saveTree └── lodash@4.17.10
31 warn board@1.0.0 No description
32 warn board@1.0.0 No repository field.
33 verbose stack Error: EACCES: permission denied, access '/home/pi/module/node_modules/bindings'
34 verbose cwd /home/pi/module
35 verbose Linux 4.14.50-v7+
36 verbose argv "/usr/bin/node" "/usr/bin/npm" "i" "--save" "lodash"
37 verbose node v10.6.0
38 verbose npm  v6.1.0
39 error path /home/pi/module/node_modules/bindings
40 error code EACCES
41 error errno -13
42 error syscall access
43 error Error: EACCES: permission denied, access '/home/pi/module/node_modules/bindings'
43 error  { [Error: EACCES: permission denied, access '/home/pi/module/node_modules/bindings']
43 error   stack:
43 error    'Error: EACCES: permission denied, access \'/home/pi/module/node_modules/bindings\'',
43 error   errno: -13,
43 error   code: 'EACCES',
43 error   syscall: 'access',
43 error   path: '/home/pi/module/node_modules/bindings' }
44 error The operation was rejected by your operating system.
44 error It is likely you do not have the permissions to access this file as the current user
44 error
44 error If you believe this might be a permissions issue, please double-check the
44 error permissions of the file and its containing directories, or try running
44 error the command again as root/Administrator (though this is not recommended).
45 verbose exit [ -13, true ]
